Content-Type: text/plain; charset="utf-8"
MIME-Version: 1.0
Content-Transfer-Encoding: 7bit
Subject: Testing
From: jimmy4carter@gmail.com
To: jimmy4carter@gmail.com
Date: Fri, 02 Dec 2022 12:20:29 -0000
Message-ID: <166998362998.22396.1348620231007216846@Carter>

Testing
-------------------------------------------------------------------------------
Content-Type: text/plain; charset="utf-8"
MIME-Version: 1.0
Content-Transfer-Encoding: 7bit
Subject: Testing
From: jimmy4carter@gmail.com
To: student2@gmai.com
Date: Fri, 02 Dec 2022 12:20:29 -0000
Message-ID: <166998362999.22396.6368330384701810705@Carter>

Testing
-------------------------------------------------------------------------------
Content-Type: text/plain; charset="utf-8"
MIME-Version: 1.0
Content-Transfer-Encoding: 7bit
Subject: Testing
From: jimmy4carter@gmail.com
To: student2@gmai.com
Date: Fri, 02 Dec 2022 12:20:29 -0000
Message-ID: <166998362999.22396.9085842825733169263@Carter>

Testing
-------------------------------------------------------------------------------
Content-Type: text/plain; charset="utf-8"
MIME-Version: 1.0
Content-Transfer-Encoding: 7bit
Subject: Testing
From: jimmy4carter@gmail.com
To: jimmy4carter@gmail.com
Date: Fri, 02 Dec 2022 12:20:29 -0000
Message-ID: <166998362999.22396.3854802631520358772@Carter>

Testing
-------------------------------------------------------------------------------
Content-Type: text/plain; charset="utf-8"
MIME-Version: 1.0
Content-Transfer-Encoding: 7bit
Subject: Testing
From: jimmy4carter@gmail.com
To: jimmy4carter@gmail.com
Date: Fri, 02 Dec 2022 12:20:29 -0000
Message-ID: <166998362999.22396.9283298128173348562@Carter>

Testing
-------------------------------------------------------------------------------
